[debug] [2026-02-25T05:27:11.137Z] ----------------------------------------------------------------------
[debug] [2026-02-25T05:27:11.141Z] Command:       C:\nvm4w\nodejs\node.exe C:\Users\dell\AppData\Roaming\npm\node_modules\firebase-tools\lib\bin\firebase.js deploy
[debug] [2026-02-25T05:27:11.141Z] CLI Version:   14.11.0
[debug] [2026-02-25T05:27:11.142Z] Platform:      win32
[debug] [2026-02-25T05:27:11.142Z] Node Version:  v22.13.1
[debug] [2026-02-25T05:27:11.142Z] Time:          Wed Feb 25 2026 08:27:11 GMT+0300 (East Africa Time)
[debug] [2026-02-25T05:27:11.143Z] ----------------------------------------------------------------------
[debug] 
[debug] [2026-02-25T05:27:11.555Z] > command requires scopes: ["email","openid","https://www.googleapis.com/auth/cloudplatformprojects.readonly","https://www.googleapis.com/auth/firebase","https://www.googleapis.com/auth/cloud-platform"]
[debug] [2026-02-25T05:27:11.555Z] > authorizing via signed-in user (caxshuganda@gmail.com)
[debug] [2026-02-25T05:27:11.556Z] [iam] checking project farm-fuzion-abdf3 for permissions ["firebase.projects.get","firebasehosting.sites.update"]
[debug] [2026-02-25T05:27:11.558Z] Checked if tokens are valid: true, expires at: 1772000218596
[debug] [2026-02-25T05:27:11.558Z] Checked if tokens are valid: true, expires at: 1772000218596
[debug] [2026-02-25T05:27:11.560Z] >>> [apiv2][query] POST https://cloudresourcemanager.googleapis.com/v1/projects/farm-fuzion-abdf3:testIamPermissions [none]
[debug] [2026-02-25T05:27:11.560Z] >>> [apiv2][(partial)header] POST https://cloudresourcemanager.googleapis.com/v1/projects/farm-fuzion-abdf3:testIamPermissions x-goog-quota-user=projects/farm-fuzion-abdf3
[debug] [2026-02-25T05:27:11.560Z] >>> [apiv2][body] POST https://cloudresourcemanager.googleapis.com/v1/projects/farm-fuzion-abdf3:testIamPermissions {"permissions":["firebase.projects.get","firebasehosting.sites.update"]}
[debug] [2026-02-25T05:27:11.678Z] *** [apiv2] error from fetch(https://cloudresourcemanager.googleapis.com/v1/projects/farm-fuzion-abdf3:testIamPermissions, {"headers":{},"method":"POST","body":"{\"permissions\":[\"firebase.projects.get\",\"firebasehosting.sites.update\"]}"}): FetchError: request to https://cloudresourcemanager.googleapis.com/v1/projects/farm-fuzion-abdf3:testIamPermissions failed, reason: getaddrinfo ENOTFOUND cloudresourcemanager.googleapis.com
[debug] [2026-02-25T05:27:11.678Z] [iam] error while checking permissions, command may fail: Failed to make request to https://cloudresourcemanager.googleapis.com/v1/projects/farm-fuzion-abdf3:testIamPermissions
[debug] [2026-02-25T05:27:11.679Z] Checked if tokens are valid: true, expires at: 1772000218596
[debug] [2026-02-25T05:27:11.679Z] Checked if tokens are valid: true, expires at: 1772000218596
[debug] [2026-02-25T05:27:11.680Z] >>> [apiv2][query] GET https://firebase.googleapis.com/v1beta1/projects/farm-fuzion-abdf3 [none]
[debug] [2026-02-25T05:27:11.699Z] *** [apiv2] error from fetch(https://firebase.googleapis.com/v1beta1/projects/farm-fuzion-abdf3, {"headers":{},"method":"GET","signal":{}}): FetchError: request to https://firebase.googleapis.com/v1beta1/projects/farm-fuzion-abdf3 failed, reason: getaddrinfo ENOTFOUND firebase.googleapis.com
[debug] [2026-02-25T05:27:11.700Z] Failed to make request to https://firebase.googleapis.com/v1beta1/projects/farm-fuzion-abdf3 (original: request to https://firebase.googleapis.com/v1beta1/projects/farm-fuzion-abdf3 failed, reason: getaddrinfo ENOTFOUND firebase.googleapis.com)
[error] 
[error] Error: Assertion failed: resolving hosting target of a site with no site name or target name. This should have caused an error earlier
[debug] [2026-02-25T05:28:24.606Z] ----------------------------------------------------------------------
[debug] [2026-02-25T05:28:24.609Z] Command:       C:\nvm4w\nodejs\node.exe C:\Users\dell\AppData\Roaming\npm\node_modules\firebase-tools\lib\bin\firebase.js deploy
[debug] [2026-02-25T05:28:24.609Z] CLI Version:   14.11.0
[debug] [2026-02-25T05:28:24.610Z] Platform:      win32
[debug] [2026-02-25T05:28:24.610Z] Node Version:  v22.13.1
[debug] [2026-02-25T05:28:24.610Z] Time:          Wed Feb 25 2026 08:28:24 GMT+0300 (East Africa Time)
[debug] [2026-02-25T05:28:24.610Z] ----------------------------------------------------------------------
[debug] 
[debug] [2026-02-25T05:28:24.855Z] > command requires scopes: ["email","openid","https://www.googleapis.com/auth/cloudplatformprojects.readonly","https://www.googleapis.com/auth/firebase","https://www.googleapis.com/auth/cloud-platform"]
[debug] [2026-02-25T05:28:24.855Z] > authorizing via signed-in user (caxshuganda@gmail.com)
[debug] [2026-02-25T05:28:24.855Z] [iam] checking project farm-fuzion-abdf3 for permissions ["firebase.projects.get","firebasehosting.sites.update"]
[debug] [2026-02-25T05:28:24.857Z] Checked if tokens are valid: true, expires at: 1772000218596
[debug] [2026-02-25T05:28:24.857Z] Checked if tokens are valid: true, expires at: 1772000218596
[debug] [2026-02-25T05:28:24.858Z] >>> [apiv2][query] POST https://cloudresourcemanager.googleapis.com/v1/projects/farm-fuzion-abdf3:testIamPermissions [none]
[debug] [2026-02-25T05:28:24.858Z] >>> [apiv2][(partial)header] POST https://cloudresourcemanager.googleapis.com/v1/projects/farm-fuzion-abdf3:testIamPermissions x-goog-quota-user=projects/farm-fuzion-abdf3
[debug] [2026-02-25T05:28:24.858Z] >>> [apiv2][body] POST https://cloudresourcemanager.googleapis.com/v1/projects/farm-fuzion-abdf3:testIamPermissions {"permissions":["firebase.projects.get","firebasehosting.sites.update"]}
[debug] [2026-02-25T05:28:24.924Z] *** [apiv2] error from fetch(https://cloudresourcemanager.googleapis.com/v1/projects/farm-fuzion-abdf3:testIamPermissions, {"headers":{},"method":"POST","body":"{\"permissions\":[\"firebase.projects.get\",\"firebasehosting.sites.update\"]}"}): FetchError: request to https://cloudresourcemanager.googleapis.com/v1/projects/farm-fuzion-abdf3:testIamPermissions failed, reason: getaddrinfo ENOTFOUND cloudresourcemanager.googleapis.com
[debug] [2026-02-25T05:28:24.924Z] [iam] error while checking permissions, command may fail: Failed to make request to https://cloudresourcemanager.googleapis.com/v1/projects/farm-fuzion-abdf3:testIamPermissions
[debug] [2026-02-25T05:28:24.925Z] Checked if tokens are valid: true, expires at: 1772000218596
[debug] [2026-02-25T05:28:24.925Z] Checked if tokens are valid: true, expires at: 1772000218596
[debug] [2026-02-25T05:28:24.925Z] >>> [apiv2][query] GET https://firebase.googleapis.com/v1beta1/projects/farm-fuzion-abdf3 [none]
[debug] [2026-02-25T05:28:24.938Z] *** [apiv2] error from fetch(https://firebase.googleapis.com/v1beta1/projects/farm-fuzion-abdf3, {"headers":{},"method":"GET","signal":{}}): FetchError: request to https://firebase.googleapis.com/v1beta1/projects/farm-fuzion-abdf3 failed, reason: getaddrinfo ENOTFOUND firebase.googleapis.com
[debug] [2026-02-25T05:28:24.938Z] Failed to make request to https://firebase.googleapis.com/v1beta1/projects/farm-fuzion-abdf3 (original: request to https://firebase.googleapis.com/v1beta1/projects/farm-fuzion-abdf3 failed, reason: getaddrinfo ENOTFOUND firebase.googleapis.com)
[error] 
[error] Error: Assertion failed: resolving hosting target of a site with no site name or target name. This should have caused an error earlier
